
#### Start the program ####

**** University ID: 56 ****
     [VkNoLimitThread] Slipped: 838, Num: 6, Time: 17229ms
----------------------------
**Uni:56 Fct:7426 Year:2000
Time:290ms
----------------------------
**Uni:56 Fct:7426 Year:2001
Time:386ms
     [VkNoLimitThread] Slipped: 645, Num: 2, Time: 69ms
----------------------------
**Uni:56 Fct:7426 Year:2002
Time:238ms
----------------------------
**Uni:56 Fct:7426 Year:2003
Time:221ms
     [VkNoLimitThread] Slipped: 697, Num: 1, Time: 94ms
----------------------------
**Uni:56 Fct:7426 Year:2004
Time:310ms
----------------------------
**Uni:56 Fct:7426 Year:2005
Time:390ms
     [VkNoLimitThread] Slipped: 646, Num: 3, Time: 91ms
----------------------------
**Uni:56 Fct:7426 Year:2006
Time:402ms
----------------------------
**Uni:56 Fct:7426 Year:2007
Time:762ms
     [VkNoLimitThread] Slipped: 710, Num: 6, Time: 124ms
----------------------------
**Uni:56 Fct:7426 Year:2008
Time:426ms
----------------------------
**Uni:56 Fct:7426 Year:2009
Time:840ms
     [VkNoLimitThread] Slipped: 722, Num: 4, Time: 104ms
----------------------------
**Uni:56 Fct:7426 Year:2010
Time:728ms
     [VkNoLimitThread] Slipped: 541, Num: 3, Time: 494ms
----------------------------
**Uni:56 Fct:7426 Year:2011
Time:374ms
----------------------------
**Uni:56 Fct:7426 Year:2012
Time:412ms
     [VkNoLimitThread] Slipped: 708, Num: 5, Time: 62ms
----------------------------
**Uni:56 Fct:7426 Year:2013
Time:1105ms
     [VkNoLimitThread] Slipped: 752, Num: 0, Time: 64ms
----------------------------
**Uni:56 Fct:7426 Year:2014
Time:369ms
----------------------------
**Uni:56 Fct:7426 Year:2015
Time:274ms
     [VkNoLimitThread] Slipped: 698, Num: 2, Time: 72ms
----------------------------
**Uni:56 Fct:7426 Year:2016
Time:245ms
----------------------------
**Uni:56 Fct:7426 Year:2017
Time:136ms
     [VkNoLimitThread] Slipped: 506, Num: 0, Time: 53ms
----------------------------
**Uni:56 Fct:7426 Year:2018
Time:313ms
----------------------------
**Uni:56 Fct:7426 Year:2019
Time:104ms
     [VkNoLimitThread] Slipped: 690, Num: 0, Time: 46ms
----------------------------
**Uni:56 Fct:2100284 Year:2000
Time:166ms
----------------------------
**Uni:56 Fct:2100284 Year:2001
Time:91ms
     [VkNoLimitThread] Slipped: 624, Num: 5, Time: 91ms
----------------------------
**Uni:56 Fct:2100284 Year:2002
Time:101ms
----------------------------
**Uni:56 Fct:2100284 Year:2003
Time:98ms
     [VkNoLimitThread] Slipped: 686, Num: 5, Time: 105ms
----------------------------
**Uni:56 Fct:2100284 Year:2004
Time:90ms
----------------------------
**Uni:56 Fct:2100284 Year:2005
Time:120ms
     [VkNoLimitThread] Slipped: 774, Num: 5, Time: 14343ms
----------------------------
**Uni:56 Fct:2100284 Year:2006
Time:159ms
----------------------------
**Uni:56 Fct:2100284 Year:2007
Time:91ms
----------------------------
**Uni:56 Fct:2100284 Year:2008
Time:120ms
     [VkNoLimitThread] Slipped: 711, Num: 0, Time: 80ms
----------------------------
**Uni:56 Fct:2100284 Year:2009
Time:154ms
----------------------------
**Uni:56 Fct:2100284 Year:2010
Time:133ms
     [VkNoLimitThread] Slipped: 666, Num: 2, Time: 70ms
----------------------------
**Uni:56 Fct:2100284 Year:2011
Time:109ms
----------------------------
**Uni:56 Fct:2100284 Year:2012
Time:162ms
----------------------------
**Uni:56 Fct:2100284 Year:2013
Time:114ms
     [VkNoLimitThread] Slipped: 826, Num: 3, Time: 83ms
----------------------------
**Uni:56 Fct:2100284 Year:2014
Time:111ms
----------------------------
**Uni:56 Fct:2100284 Year:2015
Time:93ms
----------------------------
**Uni:56 Fct:2100284 Year:2016
Time:254ms
     [VkNoLimitThread] Slipped: 642, Num: 1, Time: 81ms
----------------------------
**Uni:56 Fct:2100284 Year:2017
Time:65ms
----------------------------
**Uni:56 Fct:2100284 Year:2018
Time:191ms
     [VkNoLimitThread] Slipped: 722, Num: 0, Time: 180ms
----------------------------
**Uni:56 Fct:2100284 Year:2019
Time:215ms
----------------------------
**Uni:56 Fct:2157466 Year:2000
Time:242ms
----------------------------
**Uni:56 Fct:2157466 Year:2001
Time:257ms
     [VkNoLimitThread] Slipped: 613, Num: 2, Time: 224ms
----------------------------
**Uni:56 Fct:2157466 Year:2002
Time:291ms
----------------------------
**Uni:56 Fct:2157466 Year:2003
Time:267ms
     [VkNoLimitThread] Slipped: 914, Num: 4, Time: 79ms
----------------------------
**Uni:56 Fct:2157466 Year:2004
Time:345ms
----------------------------
**Uni:56 Fct:2157466 Year:2005
Time:398ms
----------------------------
**Uni:56 Fct:2157466 Year:2006
Time:317ms
     [VkNoLimitThread] Slipped: 740, Num: 3, Time: 62ms
----------------------------
**Uni:56 Fct:2157466 Year:2007
Time:399ms
----------------------------
**Uni:56 Fct:2157466 Year:2008
Time:630ms
     [VkNoLimitThread] Slipped: 668, Num: 1, Time: 53ms
----------------------------
**Uni:56 Fct:2157466 Year:2009
Time:514ms
----------------------------
**Uni:56 Fct:2157466 Year:2010
Time:629ms
     [VkNoLimitThread] Slipped: 574, Num: 3, Time: 64ms
----------------------------
**Uni:56 Fct:2157466 Year:2011
Time:52ms
----------------------------
**Uni:56 Fct:2157466 Year:2012
Time:54ms
     [VkNoLimitThread] Slipped: 783, Num: 3, Time: 85ms
----------------------------
**Uni:56 Fct:2157466 Year:2013
Time:63ms
----------------------------
**Uni:56 Fct:2157466 Year:2014
Time:52ms
----------------------------
**Uni:56 Fct:2157466 Year:2015
Time:61ms
     [VkNoLimitThread] Slipped: 747, Num: 2, Time: 50ms
----------------------------
**Uni:56 Fct:2157466 Year:2016
Time:65ms
----------------------------
**Uni:56 Fct:2157466 Year:2017
Time:45ms
----------------------------
**Uni:56 Fct:2157466 Year:2018
Time:91ms
     [VkNoLimitThread] Slipped: 797, Num: 6, Time: 58ms
----------------------------
**Uni:56 Fct:2157466 Year:2019
Time:97ms
----------------------------
**Uni:56 Fct:2157467 Year:2000
Time:161ms
----------------------------
**Uni:56 Fct:2157467 Year:2001
Time:48ms
     [VkNoLimitThread] Slipped: 572, Num: 0, Time: 71ms
----------------------------
**Uni:56 Fct:2157467 Year:2002
Time:49ms
